2025-07-07 20:04:05,719 - app.mask_number - masks.py - get_mask_card_number - INFO: Starts work!
2025-07-07 20:04:05,719 - app.mask_number - masks.py - get_mask_card_number - INFO: Program works correctly!
2025-07-07 20:04:05,719 - app.mask_number - masks.py - get_mask_card_number - INFO: Completion of work!
2025-07-07 20:04:05,721 - app.mask_number - masks.py - get_mask_card_number - INFO: Starts work!
2025-07-07 20:04:05,721 - app.mask_number - masks.py - get_mask_card_number - WARNING: Unsuccessful  program termination!
2025-07-07 20:04:05,721 - app.mask_number - masks.py - get_mask_card_number - INFO: Completion of work!
2025-07-07 20:04:05,723 - app.mask_number - masks.py - get_mask_card_number - INFO: Starts work!
2025-07-07 20:04:05,723 - app.mask_number - masks.py - get_mask_card_number - WARNING: Unsuccessful  program termination!
2025-07-07 20:04:05,724 - app.mask_number - masks.py - get_mask_card_number - INFO: Completion of work!
2025-07-07 20:04:05,727 - app.mask_number - masks.py - get_mask_card_number - INFO: Starts work!
2025-07-07 20:04:05,727 - app.mask_number - masks.py - get_mask_card_number - WARNING: Unsuccessful  program termination!
2025-07-07 20:04:05,727 - app.mask_number - masks.py - get_mask_card_number - INFO: Completion of work!
2025-07-07 20:04:05,729 - app.mask_number - masks.py - get_mask_card_number - INFO: Starts work!
2025-07-07 20:04:05,729 - app.mask_number - masks.py - get_mask_card_number - WARNING: Unsuccessful  program termination!
2025-07-07 20:04:05,729 - app.mask_number - masks.py - get_mask_card_number - INFO: Completion of work!
2025-07-07 20:04:05,733 - app.mask_number - masks.py - get_mask_card_number - INFO: Starts work!
2025-07-07 20:04:05,734 - app.mask_number - masks.py - get_mask_card_number - WARNING: Unsuccessful  program termination!
2025-07-07 20:04:05,734 - app.mask_number - masks.py - get_mask_card_number - INFO: Completion of work!
2025-07-07 20:04:05,737 - app.mask_number - masks.py - get_mask_card_number - INFO: Starts work!
2025-07-07 20:04:05,737 - app.mask_number - masks.py - get_mask_card_number - WARNING: Unsuccessful  program termination!
2025-07-07 20:04:05,737 - app.mask_number - masks.py - get_mask_card_number - INFO: Completion of work!
2025-07-07 20:04:05,739 - app.mask_account - masks.py - get_mask_account - INFO: Starts work!
2025-07-07 20:04:05,739 - app.mask_account - masks.py - get_mask_account - INFO: Program works correctly!
2025-07-07 20:04:05,739 - app.mask_account - masks.py - get_mask_account - INFO: Completion of work!
2025-07-07 20:04:05,741 - app.mask_account - masks.py - get_mask_account - INFO: Starts work!
2025-07-07 20:04:05,741 - app.mask_account - masks.py - get_mask_account - WARNING: Unsuccessful  program termination!
2025-07-07 20:04:05,741 - app.mask_account - masks.py - get_mask_account - INFO: Completion of work!
2025-07-07 20:04:05,743 - app.mask_account - masks.py - get_mask_account - INFO: Starts work!
2025-07-07 20:04:05,743 - app.mask_account - masks.py - get_mask_account - WARNING: Unsuccessful  program termination!
2025-07-07 20:04:05,743 - app.mask_account - masks.py - get_mask_account - INFO: Completion of work!
2025-07-07 20:04:05,746 - app.mask_account - masks.py - get_mask_account - INFO: Starts work!
2025-07-07 20:04:05,746 - app.mask_account - masks.py - get_mask_account - WARNING: Unsuccessful  program termination!
2025-07-07 20:04:05,746 - app.mask_account - masks.py - get_mask_account - INFO: Completion of work!
2025-07-07 20:04:05,748 - app.mask_account - masks.py - get_mask_account - INFO: Starts work!
2025-07-07 20:04:05,748 - app.mask_account - masks.py - get_mask_account - WARNING: Unsuccessful  program termination!
2025-07-07 20:04:05,748 - app.mask_account - masks.py - get_mask_account - INFO: Completion of work!
2025-07-07 20:04:05,750 - app.mask_account - masks.py - get_mask_account - INFO: Starts work!
2025-07-07 20:04:05,750 - app.mask_account - masks.py - get_mask_account - WARNING: Unsuccessful  program termination!
2025-07-07 20:04:05,750 - app.mask_account - masks.py - get_mask_account - INFO: Completion of work!
2025-07-07 20:04:05,752 - app.mask_account - masks.py - get_mask_account - INFO: Starts work!
2025-07-07 20:04:05,752 - app.mask_account - masks.py - get_mask_account - WARNING: Unsuccessful  program termination!
2025-07-07 20:04:05,752 - app.mask_account - masks.py - get_mask_account - INFO: Completion of work!
2025-07-07 20:04:05,785 - app.mask_number - masks.py - get_mask_card_number - INFO: Starts work!
2025-07-07 20:04:05,785 - app.mask_number - masks.py - get_mask_card_number - INFO: Program works correctly!
2025-07-07 20:04:05,786 - app.mask_number - masks.py - get_mask_card_number - INFO: Completion of work!
2025-07-07 20:04:05,787 - app.mask_number - masks.py - get_mask_card_number - INFO: Starts work!
2025-07-07 20:04:05,788 - app.mask_number - masks.py - get_mask_card_number - INFO: Program works correctly!
2025-07-07 20:04:05,788 - app.mask_number - masks.py - get_mask_card_number - INFO: Completion of work!
2025-07-07 20:04:05,789 - app.mask_number - masks.py - get_mask_card_number - INFO: Starts work!
2025-07-07 20:04:05,790 - app.mask_number - masks.py - get_mask_card_number - INFO: Program works correctly!
2025-07-07 20:04:05,790 - app.mask_number - masks.py - get_mask_card_number - INFO: Completion of work!
2025-07-07 20:04:05,792 - app.mask_number - masks.py - get_mask_card_number - INFO: Starts work!
2025-07-07 20:04:05,792 - app.mask_number - masks.py - get_mask_card_number - INFO: Program works correctly!
2025-07-07 20:04:05,792 - app.mask_number - masks.py - get_mask_card_number - INFO: Completion of work!
2025-07-07 20:04:05,794 - app.mask_number - masks.py - get_mask_card_number - INFO: Starts work!
2025-07-07 20:04:05,794 - app.mask_number - masks.py - get_mask_card_number - INFO: Program works correctly!
2025-07-07 20:04:05,794 - app.mask_number - masks.py - get_mask_card_number - INFO: Completion of work!
2025-07-07 20:04:05,796 - app.mask_account - masks.py - get_mask_account - INFO: Starts work!
2025-07-07 20:04:05,796 - app.mask_account - masks.py - get_mask_account - INFO: Program works correctly!
2025-07-07 20:04:05,796 - app.mask_account - masks.py - get_mask_account - INFO: Completion of work!
